<?xml version="1.0" encoding="UTF-8"?>
<testng-results total="1" passed="1" failed="0" skipped="0">
  <reporter-output>
  </reporter-output>
  <suite started-at="2022-05-04T06:05:47Z" name="Suite" finished-at="2022-05-04T06:06:30Z" duration-ms="42395">
    <groups>
    </groups>
    <test started-at="2022-05-04T06:05:47Z" name="Test" finished-at="2022-05-04T06:06:30Z" duration-ms="42395">
      <class name="com.testng.TestNgProject">
        <test-method signature="test()[pri:0, instance:com.testng.TestNgProject@7c214cc0]" started-at="2022-05-04T11:35:47Z" name="test" finished-at="2022-05-04T11:36:30Z" duration-ms="42385" status="PASS">
          <reporter-output>
          </reporter-output>
        </test-method> <!-- test -->
      </class> <!-- com.testng.TestNgProject -->
    </test> <!-- Test -->
  </suite> <!-- Suite -->
</testng-results>
